[2014-05-29 17:00:41.753786]
ERROR
	Unhandled Error
Traceback from remote host -- Traceback unavailable
exceptions.AttributeError: 'NoneType' object has no attribute 'level'

[2014-05-29 17:00:47.725403]
ERROR
	Unhandled Error
Traceback from remote host -- Traceback unavailable
exceptions.AttributeError: 'NoneType' object has no attribute 'level'

[2014-05-29 17:00:48.544638]
ERROR
	Unhandled Error
Traceback from remote host -- Traceback unavailable
exceptions.AttributeError: 'NoneType' object has no attribute 'level'

[2014-05-29 17:00:48.953949]
ERROR
	Unhandled Error
Traceback from remote host -- Traceback unavailable
exceptions.AttributeError: 'NoneType' object has no attribute 'level'

[2014-05-29 17:01:59.408018]
ERROR
	Unhandled Error
Traceback from remote host -- Traceback unavailable
exceptions.AttributeError: 'NoneType' object has no attribute 'level'

